20:49:03.151 [main]  INFO  com.intuit.karate - Karate version: 1.4.1
20:54:36.637 [main]  INFO  com.intuit.karate - Karate version: 1.4.1
20:56:04.910 [main]  INFO  com.intuit.karate - Karate version: 1.4.1
20:56:05.203 [main]  ERROR c.intuit.karate.core.FeatureParser - not a valid feature file: api_testing.feature - mismatched input '{' expecting <EOF>
20:56:32.612 [main]  INFO  com.intuit.karate - Karate version: 1.4.1
20:57:56.333 [main]  INFO  com.intuit.karate - Karate version: 1.4.1
20:58:15.835 [main]  INFO  com.intuit.karate - Karate version: 1.4.1
21:01:43.520 [main]  INFO  com.intuit.karate - Karate version: 1.4.1
21:04:35.503 [main]  INFO  com.intuit.karate - Karate version: 1.4.1
21:07:18.983 [main]  INFO  com.intuit.karate - Karate version: 1.4.1
21:07:30.317 [main]  INFO  com.intuit.karate - Karate version: 1.4.1
21:08:47.111 [main]  INFO  com.intuit.karate - Karate version: 1.4.1
21:11:03.190 [main]  INFO  com.intuit.karate - Karate version: 1.5.2
21:11:04.543 [main]  DEBUG com.intuit.karate - request:
1 > GET https://jsonplaceholder.typicode.com/users/1
1 > Host: jsonplaceholder.typicode.com
1 > Connection: Keep-Alive
1 > User-Agent: Apache-HttpClient/4.5.14 (Java/25.0.2)
1 > Accept-Encoding: gzip,deflate


21:11:05.060 [main]  DEBUG com.intuit.karate - response time in milliseconds: 514
1 < 200
1 < Date: Sun, 08 Mar 2026 14:11:05 GMT
1 < Content-Type: application/json; charset=utf-8
1 < Transfer-Encoding: chunked
1 < Connection: keep-alive
1 < access-control-allow-credentials: true
1 < Cache-Control: max-age=43200
1 < etag: W/"1fd-+2Y3G3w049iSZtw5t1mzSnunngE"
1 < expires: -1
1 < nel: {"report_to":"heroku-nel","response_headers":["Via"],"max_age":3600,"success_fraction":0.01,"failure_fraction":0.1}
1 < pragma: no-cache
1 < report-to: {"group":"heroku-nel","endpoints":[{"url":"https://nel.heroku.com/reports?s=kh4UPP93XwOe1032HXg7hkMWVfwIwGtSEBYof6G%2FT3s%3D\u0026sid=e11707d5-02a7-43ef-b45e-2cf4d2036f7d\u0026ts=1772854097"}],"max_age":3600}
1 < reporting-endpoints: heroku-nel="https://nel.heroku.com/reports?s=kh4UPP93XwOe1032HXg7hkMWVfwIwGtSEBYof6G%2FT3s%3D&sid=e11707d5-02a7-43ef-b45e-2cf4d2036f7d&ts=1772854097"
1 < Server: cloudflare
1 < vary: Origin, Accept-Encoding
1 < via: 2.0 heroku-router
1 < x-content-type-options: nosniff
1 < x-powered-by: Express
1 < x-ratelimit-limit: 1000
1 < x-ratelimit-remaining: 999
1 < x-ratelimit-reset: 1772854117
1 < Age: 9728
1 < Server-Timing: cfCacheStatus;desc="HIT"
1 < Server-Timing: cfEdge;dur=14,cfOrigin;dur=0
1 < cf-cache-status: HIT
1 < CF-RAY: 9d926d54594f894a-SIN
1 < alt-svc: h3=":443"; ma=86400
{
  "id": 1,
  "name": "Leanne Graham",
  "username": "Bret",
  "email": "Sincere@april.biz",
  "address": {
    "street": "Kulas Light",
    "suite": "Apt. 556",
    "city": "Gwenborough",
    "zipcode": "92998-3874",
    "geo": {
      "lat": "-37.3159",
      "lng": "81.1496"
    }
  },
  "phone": "1-770-736-8031 x56442",
  "website": "hildegard.org",
  "company": {
    "name": "Romaguera-Crona",
    "catchPhrase": "Multi-layered client-server neural-net",
    "bs": "harness real-time e-markets"
  }
}

21:11:05.188 [main]  DEBUG com.intuit.karate - request:
1 > POST https://jsonplaceholder.typicode.com/users
1 > Content-Type: application/json; charset=UTF-8
1 > Content-Length: 74
1 > Host: jsonplaceholder.typicode.com
1 > Connection: Keep-Alive
1 > User-Agent: Apache-HttpClient/4.5.14 (Java/25.0.2)
1 > Accept-Encoding: gzip,deflate
{"name":"Nguyen Van A","username":"nguyenvana","email":"vana@example.com"}

21:11:06.055 [main]  DEBUG com.intuit.karate - response time in milliseconds: 866
1 < 201
1 < Date: Sun, 08 Mar 2026 14:11:06 GMT
1 < Content-Type: application/json; charset=utf-8
1 < Content-Length: 99
1 < Connection: keep-alive
1 < access-control-allow-credentials: true
1 < access-control-expose-headers: Location
1 < Cache-Control: no-cache
1 < etag: W/"63-hjUZajlryZUqVwj+bSLpyZtqvgc"
1 < expires: -1
1 < location: https://jsonplaceholder.typicode.com/users/11
1 < nel: {"report_to":"heroku-nel","response_headers":["Via"],"max_age":3600,"success_fraction":0.01,"failure_fraction":0.1}
1 < pragma: no-cache
1 < report-to: {"group":"heroku-nel","endpoints":[{"url":"https://nel.heroku.com/reports?s=jqZnch3GaB8pcxXuzyBquHl5FUp%2BkIPhnYkaySLkZgA%3D\u0026sid=e11707d5-02a7-43ef-b45e-2cf4d2036f7d\u0026ts=1772979065"}],"max_age":3600}
1 < reporting-endpoints: heroku-nel="https://nel.heroku.com/reports?s=jqZnch3GaB8pcxXuzyBquHl5FUp%2BkIPhnYkaySLkZgA%3D&sid=e11707d5-02a7-43ef-b45e-2cf4d2036f7d&ts=1772979065"
1 < Server: cloudflare
1 < vary: Origin, X-HTTP-Method-Override, Accept-Encoding
1 < via: 2.0 heroku-router
1 < x-content-type-options: nosniff
1 < x-powered-by: Express
1 < x-ratelimit-limit: 1000
1 < x-ratelimit-remaining: 999
1 < x-ratelimit-reset: 1772979086
1 < cf-cache-status: DYNAMIC
1 < Server-Timing: cfCacheStatus;desc="DYNAMIC"
1 < Server-Timing: cfEdge;dur=4,cfOrigin;dur=683
1 < CF-RAY: 9d926d566ad2ae45-SIN
1 < alt-svc: h3=":443"; ma=86400
{
  "name": "Nguyen Van A",
  "username": "nguyenvana",
  "email": "vana@example.com",
  "id": 11
}

21:11:07.029 [main]  INFO  com.intuit.karate.Suite - <<pass>> feature 1 of 1 (0 remaining) api_testing.feature
21:11:23.829 [main]  INFO  com.intuit.karate - Karate version: 1.5.2
21:11:24.067 [main]  INFO  com.intuit.karate.Suite - backed up existing 'target/karate-reports' dir to: target/karate-reports_1772979084066
21:11:24.984 [main]  DEBUG com.intuit.karate - request:
1 > GET https://jsonplaceholder.typicode.com/users/1
1 > Host: jsonplaceholder.typicode.com
1 > Connection: Keep-Alive
1 > User-Agent: Apache-HttpClient/4.5.14 (Java/25.0.2)
1 > Accept-Encoding: gzip,deflate


21:11:25.704 [main]  DEBUG com.intuit.karate - response time in milliseconds: 718
1 < 200
1 < Date: Sun, 08 Mar 2026 14:11:25 GMT
1 < Content-Type: application/json; charset=utf-8
1 < Transfer-Encoding: chunked
1 < Connection: keep-alive
1 < access-control-allow-credentials: true
1 < Cache-Control: max-age=43200
1 < etag: W/"1fd-+2Y3G3w049iSZtw5t1mzSnunngE"
1 < expires: -1
1 < nel: {"report_to":"heroku-nel","response_headers":["Via"],"max_age":3600,"success_fraction":0.01,"failure_fraction":0.1}
1 < pragma: no-cache
1 < report-to: {"group":"heroku-nel","endpoints":[{"url":"https://nel.heroku.com/reports?s=kh4UPP93XwOe1032HXg7hkMWVfwIwGtSEBYof6G%2FT3s%3D\u0026sid=e11707d5-02a7-43ef-b45e-2cf4d2036f7d\u0026ts=1772854097"}],"max_age":3600}
1 < reporting-endpoints: heroku-nel="https://nel.heroku.com/reports?s=kh4UPP93XwOe1032HXg7hkMWVfwIwGtSEBYof6G%2FT3s%3D&sid=e11707d5-02a7-43ef-b45e-2cf4d2036f7d&ts=1772854097"
1 < Server: cloudflare
1 < vary: Origin, Accept-Encoding
1 < via: 2.0 heroku-router
1 < x-content-type-options: nosniff
1 < x-powered-by: Express
1 < x-ratelimit-limit: 1000
1 < x-ratelimit-remaining: 999
1 < x-ratelimit-reset: 1772854117
1 < Age: 9749
1 < Server-Timing: cfCacheStatus;desc="HIT"
1 < Server-Timing: cfEdge;dur=8,cfOrigin;dur=0
1 < cf-cache-status: HIT
1 < CF-RAY: 9d926dd4cf92c061-SIN
1 < alt-svc: h3=":443"; ma=86400
{
  "id": 1,
  "name": "Leanne Graham",
  "username": "Bret",
  "email": "Sincere@april.biz",
  "address": {
    "street": "Kulas Light",
    "suite": "Apt. 556",
    "city": "Gwenborough",
    "zipcode": "92998-3874",
    "geo": {
      "lat": "-37.3159",
      "lng": "81.1496"
    }
  },
  "phone": "1-770-736-8031 x56442",
  "website": "hildegard.org",
  "company": {
    "name": "Romaguera-Crona",
    "catchPhrase": "Multi-layered client-server neural-net",
    "bs": "harness real-time e-markets"
  }
}

21:11:25.823 [main]  DEBUG com.intuit.karate - request:
1 > POST https://jsonplaceholder.typicode.com/users
1 > Content-Type: application/json; charset=UTF-8
1 > Content-Length: 74
1 > Host: jsonplaceholder.typicode.com
1 > Connection: Keep-Alive
1 > User-Agent: Apache-HttpClient/4.5.14 (Java/25.0.2)
1 > Accept-Encoding: gzip,deflate
{"name":"Nguyen Van A","username":"nguyenvana","email":"vana@example.com"}

21:11:26.209 [main]  DEBUG com.intuit.karate - response time in milliseconds: 385
1 < 201
1 < Date: Sun, 08 Mar 2026 14:11:26 GMT
1 < Content-Type: application/json; charset=utf-8
1 < Content-Length: 99
1 < Connection: keep-alive
1 < access-control-allow-credentials: true
1 < access-control-expose-headers: Location
1 < Cache-Control: no-cache
1 < etag: W/"63-hjUZajlryZUqVwj+bSLpyZtqvgc"
1 < expires: -1
1 < location: https://jsonplaceholder.typicode.com/users/11
1 < nel: {"report_to":"heroku-nel","response_headers":["Via"],"max_age":3600,"success_fraction":0.01,"failure_fraction":0.1}
1 < pragma: no-cache
1 < report-to: {"group":"heroku-nel","endpoints":[{"url":"https://nel.heroku.com/reports?s=tYZfXxHqlxTJ5%2BnXCw3bn%2FvYGTWpc75%2BiATYs4gWVzw%3D\u0026sid=e11707d5-02a7-43ef-b45e-2cf4d2036f7d\u0026ts=1772979086"}],"max_age":3600}
1 < reporting-endpoints: heroku-nel="https://nel.heroku.com/reports?s=tYZfXxHqlxTJ5%2BnXCw3bn%2FvYGTWpc75%2BiATYs4gWVzw%3D&sid=e11707d5-02a7-43ef-b45e-2cf4d2036f7d&ts=1772979086"
1 < Server: cloudflare
1 < vary: Origin, X-HTTP-Method-Override, Accept-Encoding
1 < via: 2.0 heroku-router
1 < x-content-type-options: nosniff
1 < x-powered-by: Express
1 < x-ratelimit-limit: 1000
1 < x-ratelimit-remaining: 999
1 < x-ratelimit-reset: 1772979146
1 < cf-cache-status: DYNAMIC
1 < Server-Timing: cfCacheStatus;desc="DYNAMIC"
1 < Server-Timing: cfEdge;dur=6,cfOrigin;dur=227
1 < CF-RAY: 9d926dd74822fe1e-SIN
1 < alt-svc: h3=":443"; ma=86400
{
  "name": "Nguyen Van A",
  "username": "nguyenvana",
  "email": "vana@example.com",
  "id": 11
}

21:11:26.747 [main]  INFO  com.intuit.karate.Suite - <<pass>> feature 1 of 1 (0 remaining) api_testing.feature
21:12:16.621 [main]  INFO  com.intuit.karate - Karate version: 1.5.2
21:12:16.837 [main]  INFO  com.intuit.karate.Suite - backed up existing 'target/karate-reports' dir to: target/karate-reports_1772979136836
21:12:17.672 [main]  DEBUG com.intuit.karate - request:
1 > GET https://jsonplaceholder.typicode.com/users/1
1 > Host: jsonplaceholder.typicode.com
1 > Connection: Keep-Alive
1 > User-Agent: Apache-HttpClient/4.5.14 (Java/25.0.2)
1 > Accept-Encoding: gzip,deflate


21:12:18.070 [main]  DEBUG com.intuit.karate - response time in milliseconds: 395
1 < 200
1 < Date: Sun, 08 Mar 2026 14:12:18 GMT
1 < Content-Type: application/json; charset=utf-8
1 < Transfer-Encoding: chunked
1 < Connection: keep-alive
1 < access-control-allow-credentials: true
1 < Cache-Control: max-age=43200
1 < etag: W/"1fd-+2Y3G3w049iSZtw5t1mzSnunngE"
1 < expires: -1
1 < nel: {"report_to":"heroku-nel","response_headers":["Via"],"max_age":3600,"success_fraction":0.01,"failure_fraction":0.1}
1 < pragma: no-cache
1 < report-to: {"group":"heroku-nel","endpoints":[{"url":"https://nel.heroku.com/reports?s=kh4UPP93XwOe1032HXg7hkMWVfwIwGtSEBYof6G%2FT3s%3D\u0026sid=e11707d5-02a7-43ef-b45e-2cf4d2036f7d\u0026ts=1772854097"}],"max_age":3600}
1 < reporting-endpoints: heroku-nel="https://nel.heroku.com/reports?s=kh4UPP93XwOe1032HXg7hkMWVfwIwGtSEBYof6G%2FT3s%3D&sid=e11707d5-02a7-43ef-b45e-2cf4d2036f7d&ts=1772854097"
1 < Server: cloudflare
1 < vary: Origin, Accept-Encoding
1 < via: 2.0 heroku-router
1 < x-content-type-options: nosniff
1 < x-powered-by: Express
1 < x-ratelimit-limit: 1000
1 < x-ratelimit-remaining: 999
1 < x-ratelimit-reset: 1772854117
1 < Age: 9801
1 < Server-Timing: cfCacheStatus;desc="HIT"
1 < Server-Timing: cfEdge;dur=7,cfOrigin;dur=0
1 < cf-cache-status: HIT
1 < CF-RAY: 9d926f1cc8ccfd39-SIN
1 < alt-svc: h3=":443"; ma=86400
{
  "id": 1,
  "name": "Leanne Graham",
  "username": "Bret",
  "email": "Sincere@april.biz",
  "address": {
    "street": "Kulas Light",
    "suite": "Apt. 556",
    "city": "Gwenborough",
    "zipcode": "92998-3874",
    "geo": {
      "lat": "-37.3159",
      "lng": "81.1496"
    }
  },
  "phone": "1-770-736-8031 x56442",
  "website": "hildegard.org",
  "company": {
    "name": "Romaguera-Crona",
    "catchPhrase": "Multi-layered client-server neural-net",
    "bs": "harness real-time e-markets"
  }
}

21:12:18.172 [main]  DEBUG com.intuit.karate - request:
1 > POST https://jsonplaceholder.typicode.com/users
1 > Content-Type: application/json; charset=UTF-8
1 > Content-Length: 74
1 > Host: jsonplaceholder.typicode.com
1 > Connection: Keep-Alive
1 > User-Agent: Apache-HttpClient/4.5.14 (Java/25.0.2)
1 > Accept-Encoding: gzip,deflate
{"name":"Nguyen Van A","username":"nguyenvana","email":"vana@example.com"}

21:12:18.584 [main]  DEBUG com.intuit.karate - response time in milliseconds: 412
1 < 201
1 < Date: Sun, 08 Mar 2026 14:12:18 GMT
1 < Content-Type: application/json; charset=utf-8
1 < Content-Length: 99
1 < Connection: keep-alive
1 < access-control-allow-credentials: true
1 < access-control-expose-headers: Location
1 < Cache-Control: no-cache
1 < etag: W/"63-hjUZajlryZUqVwj+bSLpyZtqvgc"
1 < expires: -1
1 < location: https://jsonplaceholder.typicode.com/users/11
1 < nel: {"report_to":"heroku-nel","response_headers":["Via"],"max_age":3600,"success_fraction":0.01,"failure_fraction":0.1}
1 < pragma: no-cache
1 < report-to: {"group":"heroku-nel","endpoints":[{"url":"https://nel.heroku.com/reports?s=m12J8KaYWhXPOpk8iqcO2D9zQlY1Zg1NkSVDP%2Fwshpc%3D\u0026sid=e11707d5-02a7-43ef-b45e-2cf4d2036f7d\u0026ts=1772979138"}],"max_age":3600}
1 < reporting-endpoints: heroku-nel="https://nel.heroku.com/reports?s=m12J8KaYWhXPOpk8iqcO2D9zQlY1Zg1NkSVDP%2Fwshpc%3D&sid=e11707d5-02a7-43ef-b45e-2cf4d2036f7d&ts=1772979138"
1 < Server: cloudflare
1 < vary: Origin, X-HTTP-Method-Override, Accept-Encoding
1 < via: 2.0 heroku-router
1 < x-content-type-options: nosniff
1 < x-powered-by: Express
1 < x-ratelimit-limit: 1000
1 < x-ratelimit-remaining: 998
1 < x-ratelimit-reset: 1772979146
1 < cf-cache-status: DYNAMIC
1 < Server-Timing: cfCacheStatus;desc="DYNAMIC"
1 < Server-Timing: cfEdge;dur=9,cfOrigin;dur=227
1 < CF-RAY: 9d926f1e9fd9fe1b-SIN
1 < alt-svc: h3=":443"; ma=86400
{
  "name": "Nguyen Van A",
  "username": "nguyenvana",
  "email": "vana@example.com",
  "id": 11
}

21:12:19.123 [main]  INFO  com.intuit.karate.Suite - <<pass>> feature 1 of 1 (0 remaining) api_testing.feature
21:14:34.607 [main]  INFO  com.intuit.karate - Karate version: 1.5.2
21:14:34.888 [main]  INFO  com.intuit.karate.Suite - backed up existing 'target/karate-reports' dir to: target/karate-reports_1772979274885
21:14:35.903 [main]  DEBUG com.intuit.karate - request:
1 > GET https://jsonplaceholder.typicode.com/users/1
1 > Host: jsonplaceholder.typicode.com
1 > Connection: Keep-Alive
1 > User-Agent: Apache-HttpClient/4.5.14 (Java/25.0.2)
1 > Accept-Encoding: gzip,deflate


21:14:36.411 [main]  DEBUG com.intuit.karate - response time in milliseconds: 502
1 < 200
1 < Date: Sun, 08 Mar 2026 14:14:36 GMT
1 < Content-Type: application/json; charset=utf-8
1 < Transfer-Encoding: chunked
1 < Connection: keep-alive
1 < access-control-allow-credentials: true
1 < Cache-Control: max-age=43200
1 < etag: W/"1fd-+2Y3G3w049iSZtw5t1mzSnunngE"
1 < expires: -1
1 < nel: {"report_to":"heroku-nel","response_headers":["Via"],"max_age":3600,"success_fraction":0.01,"failure_fraction":0.1}
1 < pragma: no-cache
1 < report-to: {"group":"heroku-nel","endpoints":[{"url":"https://nel.heroku.com/reports?s=kh4UPP93XwOe1032HXg7hkMWVfwIwGtSEBYof6G%2FT3s%3D\u0026sid=e11707d5-02a7-43ef-b45e-2cf4d2036f7d\u0026ts=1772854097"}],"max_age":3600}
1 < reporting-endpoints: heroku-nel="https://nel.heroku.com/reports?s=kh4UPP93XwOe1032HXg7hkMWVfwIwGtSEBYof6G%2FT3s%3D&sid=e11707d5-02a7-43ef-b45e-2cf4d2036f7d&ts=1772854097"
1 < Server: cloudflare
1 < vary: Origin, Accept-Encoding
1 < via: 2.0 heroku-router
1 < x-content-type-options: nosniff
1 < x-powered-by: Express
1 < x-ratelimit-limit: 1000
1 < x-ratelimit-remaining: 999
1 < x-ratelimit-reset: 1772854117
1 < Age: 9939
1 < Server-Timing: cfCacheStatus;desc="HIT"
1 < Server-Timing: cfEdge;dur=6,cfOrigin;dur=0
1 < cf-cache-status: HIT
1 < CF-RAY: 9d92727d4ea6a0aa-SIN
1 < alt-svc: h3=":443"; ma=86400
{
  "id": 1,
  "name": "Leanne Graham",
  "username": "Bret",
  "email": "Sincere@april.biz",
  "address": {
    "street": "Kulas Light",
    "suite": "Apt. 556",
    "city": "Gwenborough",
    "zipcode": "92998-3874",
    "geo": {
      "lat": "-37.3159",
      "lng": "81.1496"
    }
  },
  "phone": "1-770-736-8031 x56442",
  "website": "hildegard.org",
  "company": {
    "name": "Romaguera-Crona",
    "catchPhrase": "Multi-layered client-server neural-net",
    "bs": "harness real-time e-markets"
  }
}

21:14:36.539 [main]  DEBUG com.intuit.karate - request:
1 > POST https://jsonplaceholder.typicode.com/users
1 > Content-Type: application/json; charset=UTF-8
1 > Content-Length: 74
1 > Host: jsonplaceholder.typicode.com
1 > Connection: Keep-Alive
1 > User-Agent: Apache-HttpClient/4.5.14 (Java/25.0.2)
1 > Accept-Encoding: gzip,deflate
{"name":"Nguyen Van A","username":"nguyenvana","email":"vana@example.com"}

21:14:37.442 [main]  DEBUG com.intuit.karate - response time in milliseconds: 902
1 < 201
1 < Date: Sun, 08 Mar 2026 14:14:37 GMT
1 < Content-Type: application/json; charset=utf-8
1 < Content-Length: 99
1 < Connection: keep-alive
1 < access-control-allow-credentials: true
1 < access-control-expose-headers: Location
1 < Cache-Control: no-cache
1 < etag: W/"63-hjUZajlryZUqVwj+bSLpyZtqvgc"
1 < expires: -1
1 < location: https://jsonplaceholder.typicode.com/users/11
1 < nel: {"report_to":"heroku-nel","response_headers":["Via"],"max_age":3600,"success_fraction":0.01,"failure_fraction":0.1}
1 < pragma: no-cache
1 < report-to: {"group":"heroku-nel","endpoints":[{"url":"https://nel.heroku.com/reports?s=sbDsAsGse1gyFLiZ%2FQLtHbX08tSCWTW%2Bkl%2FKnugFS%2BM%3D\u0026sid=e11707d5-02a7-43ef-b45e-2cf4d2036f7d\u0026ts=1772979277"}],"max_age":3600}
1 < reporting-endpoints: heroku-nel="https://nel.heroku.com/reports?s=sbDsAsGse1gyFLiZ%2FQLtHbX08tSCWTW%2Bkl%2FKnugFS%2BM%3D&sid=e11707d5-02a7-43ef-b45e-2cf4d2036f7d&ts=1772979277"
1 < Server: cloudflare
1 < vary: Origin, X-HTTP-Method-Override, Accept-Encoding
1 < via: 2.0 heroku-router
1 < x-content-type-options: nosniff
1 < x-powered-by: Express
1 < x-ratelimit-limit: 1000
1 < x-ratelimit-remaining: 999
1 < x-ratelimit-reset: 1772979326
1 < cf-cache-status: DYNAMIC
1 < Server-Timing: cfCacheStatus;desc="DYNAMIC"
1 < Server-Timing: cfEdge;dur=10,cfOrigin;dur=705
1 < CF-RAY: 9d92727f5a18a714-SIN
1 < alt-svc: h3=":443"; ma=86400
{
  "name": "Nguyen Van A",
  "username": "nguyenvana",
  "email": "vana@example.com",
  "id": 11
}

21:14:38.109 [main]  INFO  com.intuit.karate.Suite - <<pass>> feature 1 of 1 (0 remaining) api_testing.feature
21:14:48.146 [main]  INFO  com.intuit.karate - Karate version: 1.5.2
21:14:48.395 [main]  INFO  com.intuit.karate.Suite - backed up existing 'target/karate-reports' dir to: target/karate-reports_1772979288393
21:14:49.360 [main]  DEBUG com.intuit.karate - request:
1 > GET https://jsonplaceholder.typicode.com/users/1
1 > Host: jsonplaceholder.typicode.com
1 > Connection: Keep-Alive
1 > User-Agent: Apache-HttpClient/4.5.14 (Java/25.0.2)
1 > Accept-Encoding: gzip,deflate


21:14:49.759 [main]  DEBUG com.intuit.karate - response time in milliseconds: 396
1 < 200
1 < Date: Sun, 08 Mar 2026 14:14:49 GMT
1 < Content-Type: application/json; charset=utf-8
1 < Transfer-Encoding: chunked
1 < Connection: keep-alive
1 < access-control-allow-credentials: true
1 < Cache-Control: max-age=43200
1 < etag: W/"1fd-+2Y3G3w049iSZtw5t1mzSnunngE"
1 < expires: -1
1 < nel: {"report_to":"heroku-nel","response_headers":["Via"],"max_age":3600,"success_fraction":0.01,"failure_fraction":0.1}
1 < pragma: no-cache
1 < report-to: {"group":"heroku-nel","endpoints":[{"url":"https://nel.heroku.com/reports?s=kh4UPP93XwOe1032HXg7hkMWVfwIwGtSEBYof6G%2FT3s%3D\u0026sid=e11707d5-02a7-43ef-b45e-2cf4d2036f7d\u0026ts=1772854097"}],"max_age":3600}
1 < reporting-endpoints: heroku-nel="https://nel.heroku.com/reports?s=kh4UPP93XwOe1032HXg7hkMWVfwIwGtSEBYof6G%2FT3s%3D&sid=e11707d5-02a7-43ef-b45e-2cf4d2036f7d&ts=1772854097"
1 < Server: cloudflare
1 < vary: Origin, Accept-Encoding
1 < via: 2.0 heroku-router
1 < x-content-type-options: nosniff
1 < x-powered-by: Express
1 < x-ratelimit-limit: 1000
1 < x-ratelimit-remaining: 999
1 < x-ratelimit-reset: 1772854117
1 < Age: 9953
1 < Server-Timing: cfCacheStatus;desc="HIT"
1 < Server-Timing: cfEdge;dur=6,cfOrigin;dur=0
1 < cf-cache-status: HIT
1 < CF-RAY: 9d9272d0cc8c37f4-SIN
1 < alt-svc: h3=":443"; ma=86400
{
  "id": 1,
  "name": "Leanne Graham",
  "username": "Bret",
  "email": "Sincere@april.biz",
  "address": {
    "street": "Kulas Light",
    "suite": "Apt. 556",
    "city": "Gwenborough",
    "zipcode": "92998-3874",
    "geo": {
      "lat": "-37.3159",
      "lng": "81.1496"
    }
  },
  "phone": "1-770-736-8031 x56442",
  "website": "hildegard.org",
  "company": {
    "name": "Romaguera-Crona",
    "catchPhrase": "Multi-layered client-server neural-net",
    "bs": "harness real-time e-markets"
  }
}

21:14:49.862 [main]  DEBUG com.intuit.karate - request:
1 > POST https://jsonplaceholder.typicode.com/users
1 > Content-Type: application/json; charset=UTF-8
1 > Content-Length: 74
1 > Host: jsonplaceholder.typicode.com
1 > Connection: Keep-Alive
1 > User-Agent: Apache-HttpClient/4.5.14 (Java/25.0.2)
1 > Accept-Encoding: gzip,deflate
{"name":"Nguyen Van A","username":"nguyenvana","email":"vana@example.com"}

21:14:50.298 [main]  DEBUG com.intuit.karate - response time in milliseconds: 436
1 < 201
1 < Date: Sun, 08 Mar 2026 14:14:50 GMT
1 < Content-Type: application/json; charset=utf-8
1 < Content-Length: 99
1 < Connection: keep-alive
1 < access-control-allow-credentials: true
1 < access-control-expose-headers: Location
1 < Cache-Control: no-cache
1 < etag: W/"63-hjUZajlryZUqVwj+bSLpyZtqvgc"
1 < expires: -1
1 < location: https://jsonplaceholder.typicode.com/users/11
1 < nel: {"report_to":"heroku-nel","response_headers":["Via"],"max_age":3600,"success_fraction":0.01,"failure_fraction":0.1}
1 < pragma: no-cache
1 < report-to: {"group":"heroku-nel","endpoints":[{"url":"https://nel.heroku.com/reports?s=7XBQkK4OLczu%2FqK2m%2BmpkxTHCPrpzDCMmQi5L9prGsU%3D\u0026sid=e11707d5-02a7-43ef-b45e-2cf4d2036f7d\u0026ts=1772979290"}],"max_age":3600}
1 < reporting-endpoints: heroku-nel="https://nel.heroku.com/reports?s=7XBQkK4OLczu%2FqK2m%2BmpkxTHCPrpzDCMmQi5L9prGsU%3D&sid=e11707d5-02a7-43ef-b45e-2cf4d2036f7d&ts=1772979290"
1 < Server: cloudflare
1 < vary: Origin, X-HTTP-Method-Override, Accept-Encoding
1 < via: 2.0 heroku-router
1 < x-content-type-options: nosniff
1 < x-powered-by: Express
1 < x-ratelimit-limit: 1000
1 < x-ratelimit-remaining: 998
1 < x-ratelimit-reset: 1772979326
1 < cf-cache-status: DYNAMIC
1 < Server-Timing: cfCacheStatus;desc="DYNAMIC"
1 < Server-Timing: cfEdge;dur=7,cfOrigin;dur=246
1 < CF-RAY: 9d9272d2ab87a8fa-SIN
1 < alt-svc: h3=":443"; ma=86400
{
  "name": "Nguyen Van A",
  "username": "nguyenvana",
  "email": "vana@example.com",
  "id": 11
}

21:14:50.865 [main]  INFO  com.intuit.karate.Suite - <<pass>> feature 1 of 1 (0 remaining) api_testing.feature
